<?xml version="1.0" encoding="UTF-8"?>
<!-- Generated by org.testng.reporters.JUnitReportReporter -->
<testsuite hostname="Rehams-MBP" failures="0" tests="1" name="FinalProject.singup" time="46.715" errors="0" timestamp="2022-09-05T12:11:03 AST" skipped="0">
  <testcase classname="FinalProject.singup" name="login" time="46.715"/>
  <system-out/>
</testsuite> <!-- FinalProject.singup -->
